<?xml version="1.0" encoding="UTF-8"?>
<!-- Generated by org.testng.reporters.JUnitReportReporter -->
<testsuite hostname="DESKTOP-R8NBKIV" name="com.training.regression.tests.UNF_077ExcelTest" tests="4" failures="0" timestamp="21 Sep 2019 05:35:20 GMT" time="213.329" errors="0">
  <testcase name="UNF077ExcelTest" time="53.869" classname="com.training.regression.tests.UNF_077ExcelTest"/>
  <testcase name="UNF077ExcelTest" time="53.590" classname="com.training.regression.tests.UNF_077ExcelTest"/>
  <testcase name="UNF077ExcelTest" time="52.169" classname="com.training.regression.tests.UNF_077ExcelTest"/>
  <testcase name="UNF077ExcelTest" time="53.701" classname="com.training.regression.tests.UNF_077ExcelTest"/>
</testsuite> <!-- com.training.regression.tests.UNF_077ExcelTest -->
