<?xml version="1.0" encoding="UTF-8"?>
<!-- Generated by org.testng.reporters.JUnitReportReporter -->
<testsuite hostname="DESKTOP-R8NBKIV" name="com.training.sanity.tests.TC024ShippingDetailsFilter" tests="2" failures="0" timestamp="9 Sep 2019 07:22:10 GMT" time="17.528" errors="0">
  <testcase name="validLoginTest" time="2.064" classname="com.training.sanity.tests.TC024ShippingDetailsFilter"/>
  <testcase name="ShippingDetailsFilterTest" time="15.464" classname="com.training.sanity.tests.TC024ShippingDetailsFilter"/>
</testsuite> <!-- com.training.sanity.tests.TC024ShippingDetailsFilter -->
