<?xml version="1.0" encoding="UTF-8"?>
<!-- Generated by org.testng.reporters.JUnitReportReporter -->
<testsuite hostname="DESKTOP-R8NBKIV" name="com.training.sanity.tests.TC046AddCatAndProduct" tests="2" failures="0" timestamp="11 Sep 2019 15:54:54 GMT" time="25.950" errors="0">
  <testcase name="validLoginTest" time="6.168" classname="com.training.sanity.tests.TC046AddCatAndProduct"/>
  <testcase name="TC046AddCatAndProductTest" time="19.782" classname="com.training.sanity.tests.TC046AddCatAndProduct"/>
</testsuite> <!-- com.training.sanity.tests.TC046AddCatAndProduct -->
