<?xml version="1.0" encoding="UTF-8"?>
<!-- Generated by org.testng.reporters.JUnitReportReporter -->
<testsuite hostname="DESKTOP-R8NBKIV" name="com.training.sanity.tests.TC046EditOrder" tests="2" failures="0" timestamp="12 Sep 2019 14:16:05 GMT" time="40.636" errors="0">
  <testcase name="validLoginTest" time="1.835" classname="com.training.sanity.tests.TC046EditOrder"/>
  <testcase name="TC046EditOrderTest" time="38.801" classname="com.training.sanity.tests.TC046EditOrder"/>
</testsuite> <!-- com.training.sanity.tests.TC046EditOrder -->
