<?xml version="1.0" encoding="UTF-8"?>
<!-- Generated by org.testng.reporters.JUnitReportReporter -->
<testsuite hostname="DESKTOP-R8NBKIV" name="com.training.sanity.tests.TC016DeleteOrdersTest" tests="2" failures="0" timestamp="8 Sep 2019 09:09:24 GMT" time="21.362" errors="0">
  <testcase name="validLoginTest" time="2.474" classname="com.training.sanity.tests.TC016DeleteOrdersTest"/>
  <testcase name="DeleteOrdersTest" time="18.888" classname="com.training.sanity.tests.TC016DeleteOrdersTest"/>
</testsuite> <!-- com.training.sanity.tests.TC016DeleteOrdersTest -->
