<?xml version="1.0" encoding="UTF-8"?>
<!-- Generated by org.testng.reporters.JUnitReportReporter -->
<testsuite hostname="DESKTOP-R8NBKIV" name="com.training.sanity.tests.TC048AddCategoryAndProduct" tests="2" failures="0" timestamp="12 Sep 2019 10:10:07 GMT" time="55.333" errors="0">
  <testcase name="validLoginTest" time="1.626" classname="com.training.sanity.tests.TC048AddCategoryAndProduct"/>
  <testcase name="TC048AddCategoryAndProductTest" time="53.707" classname="com.training.sanity.tests.TC048AddCategoryAndProduct"/>
</testsuite> <!-- com.training.sanity.tests.TC048AddCategoryAndProduct -->
