<?xml version="1.0" encoding="UTF-8"?>
<!-- Generated by org.testng.reporters.JUnitReportReporter -->
<testsuite hostname="DESKTOP-R8NBKIV" name="com.training.regression.tests.UNF_78ExcelTest" tests="4" failures="0" timestamp="21 Sep 2019 08:01:44 GMT" time="293.645" errors="0">
  <testcase name="UNF078ExcelTest" time="68.705" classname="com.training.regression.tests.UNF_78ExcelTest"/>
  <testcase name="UNF078ExcelTest" time="70.284" classname="com.training.regression.tests.UNF_78ExcelTest"/>
  <testcase name="UNF078ExcelTest" time="87.301" classname="com.training.regression.tests.UNF_78ExcelTest"/>
  <testcase name="UNF078ExcelTest" time="67.355" classname="com.training.regression.tests.UNF_78ExcelTest"/>
</testsuite> <!-- com.training.regression.tests.UNF_78ExcelTest -->
