<?xml version="1.0" encoding="UTF-8"?>
<!-- Generated by org.testng.reporters.JUnitReportReporter -->
<testsuite hostname="DESKTOP-R8NBKIV" name="com.training.regression.tests.LoginExcelTest" tests="2" failures="0" timestamp="12 Sep 2019 07:13:14 GMT" time="52.667" errors="0">
  <testcase name="loginDBTest" time="21.810" classname="com.training.regression.tests.LoginExcelTest"/>
  <testcase name="loginDBTest" time="30.857" classname="com.training.regression.tests.LoginExcelTest"/>
</testsuite> <!-- com.training.regression.tests.LoginExcelTest -->
