<?xml version="1.0" encoding="UTF-8"?>
<!-- Generated by org.testng.reporters.JUnitReportReporter -->
<testsuite hostname="DESKTOP-R8NBKIV" name="com.training.sanity.tests.TC018ReturnProductFilter" tests="2" failures="0" timestamp="8 Sep 2019 09:11:52 GMT" time="20.148" errors="0">
  <testcase name="validLoginTest" time="3.476" classname="com.training.sanity.tests.TC018ReturnProductFilter"/>
  <testcase name="ReturnProductFilterTest" time="16.672" classname="com.training.sanity.tests.TC018ReturnProductFilter"/>
</testsuite> <!-- com.training.sanity.tests.TC018ReturnProductFilter -->
