<?xml version="1.0" encoding="UTF-8"?>
<!-- Generated by org.testng.reporters.JUnitReportReporter -->
<testsuite hostname="DESKTOP-R8NBKIV" name="com.training.sanity.tests.TC047OrderFilter" tests="2" failures="0" timestamp="9 Sep 2019 11:59:40 GMT" time="44.167" errors="0">
  <testcase name="validLoginTest" time="1.714" classname="com.training.sanity.tests.TC047OrderFilter"/>
  <testcase name="TC047OrderFilterTest" time="42.453" classname="com.training.sanity.tests.TC047OrderFilter"/>
</testsuite> <!-- com.training.sanity.tests.TC047OrderFilter -->
