<?xml version="1.0" encoding="UTF-8"?>
<!-- Generated by org.testng.reporters.JUnitReportReporter -->
<testsuite hostname="DESKTOP-R8NBKIV" name="com.training.regression.tests.LoginDBTest" tests="1" failures="0" timestamp="20 Sep 2019 10:43:25 GMT" time="87.612" errors="0">
  <testcase name="loginDBTest" time="87.612" classname="com.training.regression.tests.LoginDBTest"/>
</testsuite> <!-- com.training.regression.tests.LoginDBTest -->
