<?xml version="1.0" encoding="UTF-8"?>
<!-- Generated by org.testng.reporters.JUnitReportReporter -->
<testsuite hostname="DESKTOP-R8NBKIV" name="com.training.regression.tests.LoginDBTest" tests="2" failures="0" timestamp="12 Sep 2019 07:57:16 GMT" time="22.257" errors="0">
  <testcase name="loginDBTest" time="12.626" classname="com.training.regression.tests.LoginDBTest"/>
  <testcase name="loginDBTest" time="9.631" classname="com.training.regression.tests.LoginDBTest"/>
</testsuite> <!-- com.training.regression.tests.LoginDBTest -->
